[Wed, 16 Jul 2014 22:32:33 +0400] (N); Создание схемы базы данных
[Wed, 16 Jul 2014 22:32:47 +0400] (N); Импорт данных
[Wed, 16 Jul 2014 22:32:52 +0400] (N); Создание демо
[Wed, 16 Jul 2014 22:33:00 +0400] (N); Установка дополнительного языка ru
[Wed, 16 Jul 2014 22:33:04 +0400] (N); Установка дополнительного языка ru
[Wed, 16 Jul 2014 22:33:14 +0400] (N); Установка дополнительного языка en
[Wed, 16 Jul 2014 22:33:18 +0400] (N); Установка дополнительного языка en
[Wed, 16 Jul 2014 22:33:41 +0400] (N); Модуль access_restrictions установлен
[Wed, 16 Jul 2014 22:33:42 +0400] (N); Модуль attachments установлен
[Wed, 16 Jul 2014 22:33:43 +0400] (N); Модуль banners установлен
[Wed, 16 Jul 2014 22:33:44 +0400] (N); Модуль barcode установлен
[Wed, 16 Jul 2014 22:33:44 +0400] (N); Модуль bestsellers установлен
[Wed, 16 Jul 2014 22:33:45 +0400] (N); Модуль buy_together установлен
[Wed, 16 Jul 2014 22:33:46 +0400] (N); Модуль catalog_mode установлен
[Wed, 16 Jul 2014 22:33:46 +0400] (N); Модуль customers_also_bought установлен
[Wed, 16 Jul 2014 22:33:46 +0400] (N); Модуль data_feeds установлен
[Wed, 16 Jul 2014 22:33:49 +0400] (N); Модуль discussion установлен
[Wed, 16 Jul 2014 22:33:50 +0400] (N); Модуль form_builder установлен
[Wed, 16 Jul 2014 22:33:51 +0400] (N); Модуль gift_certificates установлен
[Wed, 16 Jul 2014 22:33:51 +0400] (N); Модуль google_analytics установлен
[Wed, 16 Jul 2014 22:33:52 +0400] (N); Модуль google_sitemap установлен
[Wed, 16 Jul 2014 22:33:52 +0400] (N); Модуль hidpi установлен
[Wed, 16 Jul 2014 22:33:53 +0400] (N); Модуль hybrid_auth установлен
[Wed, 16 Jul 2014 22:33:54 +0400] (N); Модуль image_zoom установлен
[Wed, 16 Jul 2014 22:33:54 +0400] (N); Модуль janrain установлен
[Wed, 16 Jul 2014 22:33:54 +0400] (N); Модуль my_changes установлен
[Wed, 16 Jul 2014 22:33:59 +0400] (N); Модуль news_and_emails установлен
[Wed, 16 Jul 2014 22:34:01 +0400] (N); Модуль polls установлен
[Wed, 16 Jul 2014 22:34:02 +0400] (N); Модуль price_list установлен
[Wed, 16 Jul 2014 22:34:02 +0400] (N); Модуль required_products установлен
[Wed, 16 Jul 2014 22:34:04 +0400] (N); Модуль reward_points установлен
[Wed, 16 Jul 2014 22:34:05 +0400] (N); Модуль rma установлен
[Wed, 16 Jul 2014 22:34:05 +0400] (N); Модуль rss_feed установлен
[Wed, 16 Jul 2014 22:34:06 +0400] (N); Модуль rus_build_pack установлен
[Wed, 16 Jul 2014 22:34:07 +0400] (N); Модуль seo установлен
[Wed, 16 Jul 2014 22:34:10 +0400] (N); Модуль social_buttons установлен
[Wed, 16 Jul 2014 22:34:11 +0400] (N); Модуль store_locator установлен
[Wed, 16 Jul 2014 22:34:12 +0400] (N); Модуль tags установлен
[Wed, 16 Jul 2014 22:34:14 +0400] (N); Модуль twigmo установлен
[Wed, 16 Jul 2014 22:34:15 +0400] (N); Модуль watermarks установлен
[Wed, 16 Jul 2014 22:34:15 +0400] (N); Модуль wishlist установлен
